<?xml version="1.0" encoding="UTF-8"?>
<!-- Generated by org.testng.reporters.JUnitReportReporter -->
<testsuite hostname="DESKTOP-CI6U19F" failures="0" tests="2" name="test.ElementTest" time="1.277" errors="0" timestamp="2022-10-26T17:15:23 ART" skipped="0">
  <testcase classname="test.ElementTest" name="clickOnElementsSection" time="0.429"/>
  <system-out/>
  <testcase classname="test.ElementTest" name="validateRadiobuttonSection" time="0.848"/>
  <system-out/>
</testsuite> <!-- test.ElementTest -->
