<?xml version="1.0" encoding="UTF-8"?>
<!-- Generated by org.testng.reporters.JUnitReportReporter -->
<testsuite hostname="DESKTOP-CI6U19F" failures="0" tests="2" name="test.ElementTest" time="1.412" errors="0" timestamp="2022-10-26T16:15:24 ART" skipped="0">
  <testcase classname="test.ElementTest" name="clickOnElementsSection" time="0.494"/>
  <system-out/>
  <testcase classname="test.ElementTest" name="validateRadiobuttonSection" time="0.918"/>
  <system-out/>
</testsuite> <!-- test.ElementTest -->
